#
# A fatal error has been detected by the Java Runtime Environment:
#
#  SIGBUS (0xa) at pc=0x00000001021e1e92, pid=8492, tid=19715
#
# JRE version: Java(TM) SE Runtime Environment (8.0_91-b14) (build 1.8.0_91-b14)
# Java VM: Java HotSpot(TM) 64-Bit Server VM (25.91-b14 mixed mode bsd-amd64 compressed oops)
# Problematic frame:
# C  [libzip.dylib+0x2e92]  newEntry+0x154
#
# Failed to write core dump. Core dumps have been disabled. To enable core dumping, try "ulimit -c unlimited" before starting Java again
#
# If you would like to submit a bug report, please visit:
#   http://bugreport.java.com/bugreport/crash.jsp
# The crash happened outside the Java Virtual Machine in native code.
# See problematic frame for where to report the bug.
#

---------------  T H R E A D  ---------------

Current thread (0x00007ff5ed2de800):  JavaThread "AsyncAppender-Worker-async-file-appender" daemon [_thread_in_native, id=19715, stack(0x0000000119231000,0x0000000119331000)]

siginfo: si_signo: 10 (SIGBUS), si_code: 2 (BUS_ADRERR), si_addr: 0x0000000117ecdb74

Registers:
RAX=0x00007ff5eb724370, RBX=0x0000000117ecdb68, RCX=0x0000000000000001, RDX=0x0000000000000708
RSP=0x000000011932e2f0, RBP=0x000000011932e350, RSI=0x00007ff5eb400000, RDI=0x00000001007d1400
R8 =0x0000000000000004, R9 =0x00000000ffffff00, R10=0x0000000102354c98, R11=0xfffffff96b502d26
R12=0x0000000117dee000, R13=0x0000000000016fc0, R14=0x000000006a03455d, R15=0x00007ff5ed9cf130
RIP=0x00000001021e1e92, EFLAGS=0x0000000000010202, ERR=0x0000000000000004
  TRAPNO=0x000000000000000e

Top of Stack: (sp=0x000000011932e2f0)
0x000000011932e2f0:   000000071408caf8 0000000014244698
0x000000011932e300:   00007ff5eb6390a8 000000011408df00
0x000000011932e310:   000000011932e330 00007ff5eb724370
0x000000011932e320:   00007ff5eb47be30 00007ff5eb724370
0x000000011932e330:   0000000117dee000 0000000000016fc0
0x000000011932e340:   000000006a03455d 00007ff5ed9cf130
0x000000011932e350:   000000011932e3b0 00000001021e252d
0x000000011932e360:   000000011932e416 000000011932e415
0x000000011932e370:   0000004600000000 00000047012de800
0x000000011932e380:   000000011932e3ce 000000011932e818
0x000000011932e390:   0000000000000047 000000011932e3ce
0x000000011932e3a0:   00007ff5eb724370 00007ff5ed2de9f8
0x000000011932e3b0:   000000011932e800 00000001021e1238
0x000000011932e3c0:   6d5b205d18b3da60 6863736300000001
0x000000011932e3d0:   676f6c2f736f712f 726f632f6b636162
0x000000011932e3e0:   6e696c6c6f722f65 7265706c65682f67
0x000000011932e3f0:   736572706d6f432f 706d6f4324726f73
0x000000011932e400:   526e6f6973736572 2e656c62616e6e75
0x000000011932e410:   0000007373616c63 000000011932e5a8
0x000000011932e420:   000000010180daba 00000000ffffffb1
0x000000011932e430:   000000011932e860 00007fff8f691e36
0x000000011932e440:   63656e6e6f43203a 66657220142aa0c8
0x000000011932e450:   7461090a18b079c0 656e2e61142daca0
0x000000011932e460:   536e6961142d8ee8 706d4974656b636f
0x000000011932e470:   74656b63140b4098 28746365142da8e0
0x000000011932e480:   4d206576142dad00 090a29641ac83750
0x000000011932e490:   000000011932e4f0 00007fff8f687b8e
0x000000011932e4a0:   69616c5074636172 000000011932e688
0x000000011932e4b0:   0000000000000001 000000010180dab8
0x000000011932e4c0:   000000011932e668 00000000ffffffac
0x000000011932e4d0:   0000000000000054 000000011932e668
0x000000011932e4e0:   000000010180daba 00000000ffffffac 

Instructions: (pc=0x00000001021e1e92)
0x00000001021e1e72:   49 8b 7f 38 e8 5b 1b 00 00 4d 89 77 38 49 89 5f
0x00000001021e1e82:   40 4c 89 f0 48 85 c0 0f 84 11 05 00 00 48 89 c3
0x00000001021e1e92:   0f b6 43 0c 0f b6 4b 0d 48 c1 e1 08 48 01 c1 0f
0x00000001021e1ea2:   b6 43 0e 0f b6 53 0f 48 c1 e2 08 48 01 c2 48 c1 

Register to memory mapping:

RAX=0x00007ff5eb724370 is an unknown value
RBX=0x0000000117ecdb68 is an unknown value
RCX=0x0000000000000001 is an unknown value
RDX=0x0000000000000708 is an unknown value
RSP=0x000000011932e2f0 is pointing into the stack for thread: 0x00007ff5ed2de800
RBP=0x000000011932e350 is pointing into the stack for thread: 0x00007ff5ed2de800
RSI=0x00007ff5eb400000 is an unknown value
RDI=0x00000001007d1400 is an unknown value
R8 =0x0000000000000004 is an unknown value
R9 =0x00000000ffffff00 is an unknown value
R10=0x0000000102354c98 is at entry_point+88 in (nmethod*)0x0000000102354ad0
R11=0xfffffff96b502d26 is an unknown value
R12=0x0000000117dee000 is an unknown value
R13=0x0000000000016fc0 is an unknown value
R14=0x000000006a03455d is an unknown value
R15=0x00007ff5ed9cf130 is an unknown value


Stack: [0x0000000119231000,0x0000000119331000],  sp=0x000000011932e2f0,  free space=1012k
Native frames: (J=compiled Java code, j=interpreted, Vv=VM code, C=native code)
C  [libzip.dylib+0x2e92]  newEntry+0x154
C  [libzip.dylib+0x352d]  ZIP_GetEntry2+0xd4
C  [libzip.dylib+0x2238]  Java_java_util_zip_ZipFile_getEntry+0xcf
J 180  java.util.zip.ZipFile.getEntry(J[BZ)J (0 bytes) @ 0x0000000102354d0e [0x0000000102354c40+0xce]
J 1817 C2 sun.misc.URLClassPath$JarLoader.getResource(Ljava/lang/String;Z)Lsun/misc/Resource; (85 bytes) @ 0x0000000102763298 [0x0000000102762d60+0x538]
J 2016 C2 java.net.URLClassLoader$1.run()Ljava/lang/Object; (5 bytes) @ 0x000000010289ed7c [0x000000010289e7c0+0x5bc]
v  ~StubRoutines::call_stub
V  [libjvm.dylib+0x2ec1e6]
V  [libjvm.dylib+0x34c8e0]
J 210  java.security.AccessController.doPrivileged(Ljava/security/PrivilegedExceptionAction;Ljava/security/AccessControlContext;)Ljava/lang/Object; (0 bytes) @ 0x0000000102363b95 [0x0000000102363ac0+0xd5]
J 1841 C2 java.net.URLClassLoader.findClass(Ljava/lang/String;)Ljava/lang/Class; (47 bytes) @ 0x000000010276edbc [0x000000010276ed20+0x9c]
J 1724 C2 java.lang.ClassLoader.loadClass(Ljava/lang/String;Z)Ljava/lang/Class; (122 bytes) @ 0x0000000102739cd8 [0x0000000102739280+0xa58]
J 199 C1 sun.misc.Launcher$AppClassLoader.loadClass(Ljava/lang/String;Z)Ljava/lang/Class; (85 bytes) @ 0x000000010235f1a4 [0x000000010235e800+0x9a4]
J 198 C1 java.lang.ClassLoader.loadClass(Ljava/lang/String;)Ljava/lang/Class; (7 bytes) @ 0x000000010235c504 [0x000000010235c400+0x104]
v  ~StubRoutines::call_stub
V  [libjvm.dylib+0x2ec1e6]
V  [libjvm.dylib+0x2ec974]
V  [libjvm.dylib+0x2ecacc]
V  [libjvm.dylib+0x535480]
V  [libjvm.dylib+0x534c19]
V  [libjvm.dylib+0x53569c]
V  [libjvm.dylib+0x535d19]
V  [libjvm.dylib+0x1e222a]
V  [libjvm.dylib+0x1f25b2]
V  [libjvm.dylib+0x2e7c23]
j  ch.qos.logback.core.rolling.helper.Compressor.asyncCompress(Ljava/lang/String;Ljava/lang/String;Ljava/lang/String;)Ljava/util/concurrent/Future;+0
j  ch.qos.logback.core.rolling.TimeBasedRollingPolicy.renameRawAndAsyncCompress(Ljava/lang/String;Ljava/lang/String;)Ljava/util/concurrent/Future;+50
j  ch.qos.logback.core.rolling.TimeBasedRollingPolicy.rollover()V+75
j  ch.qos.logback.core.rolling.RollingFileAppender.attemptRollover()V+4
j  ch.qos.logback.core.rolling.RollingFileAppender.rollover()V+12
j  ch.qos.logback.core.rolling.RollingFileAppender.subAppend(Ljava/lang/Object;)V+25
j  ch.qos.logback.core.OutputStreamAppender.append(Ljava/lang/Object;)V+10
j  ch.qos.logback.core.UnsynchronizedAppenderBase.doAppend(Ljava/lang/Object;)V+123
j  ch.qos.logback.core.spi.AppenderAttachableImpl.appendLoopOnAppenders(Ljava/lang/Object;)I+32
j  ch.qos.logback.core.AsyncAppenderBase$Worker.run()V+29
v  ~StubRoutines::call_stub
V  [libjvm.dylib+0x2ec1e6]
V  [libjvm.dylib+0x2ec974]
V  [libjvm.dylib+0x2ecb20]
V  [libjvm.dylib+0x34726d]
V  [libjvm.dylib+0x563d17]
V  [libjvm.dylib+0x565412]
V  [libjvm.dylib+0x484f82]
C  [libsystem_pthread.dylib+0x405a]  _pthread_body+0x83
C  [libsystem_pthread.dylib+0x3fd7]  _pthread_body+0x0
C  [libsystem_pthread.dylib+0x13ed]  thread_start+0xd
C  0x0000000000000000

Java frames: (J=compiled Java code, j=interpreted, Vv=VM code)
J 180  java.util.zip.ZipFile.getEntry(J[BZ)J (0 bytes) @ 0x0000000102354c98 [0x0000000102354c40+0x58]
J 1817 C2 sun.misc.URLClassPath$JarLoader.getResource(Ljava/lang/String;Z)Lsun/misc/Resource; (85 bytes) @ 0x0000000102763298 [0x0000000102762d60+0x538]
J 2016 C2 java.net.URLClassLoader$1.run()Ljava/lang/Object; (5 bytes) @ 0x000000010289ed7c [0x000000010289e7c0+0x5bc]
v  ~StubRoutines::call_stub
J 210  java.security.AccessController.doPrivileged(Ljava/security/PrivilegedExceptionAction;Ljava/security/AccessControlContext;)Ljava/lang/Object; (0 bytes) @ 0x0000000102363b23 [0x0000000102363ac0+0x63]
J 1841 C2 java.net.URLClassLoader.findClass(Ljava/lang/String;)Ljava/lang/Class; (47 bytes) @ 0x000000010276edbc [0x000000010276ed20+0x9c]
J 1724 C2 java.lang.ClassLoader.loadClass(Ljava/lang/String;Z)Ljava/lang/Class; (122 bytes) @ 0x0000000102739cd8 [0x0000000102739280+0xa58]
J 199 C1 sun.misc.Launcher$AppClassLoader.loadClass(Ljava/lang/String;Z)Ljava/lang/Class; (85 bytes) @ 0x000000010235f1a4 [0x000000010235e800+0x9a4]
J 198 C1 java.lang.ClassLoader.loadClass(Ljava/lang/String;)Ljava/lang/Class; (7 bytes) @ 0x000000010235c504 [0x000000010235c400+0x104]
v  ~StubRoutines::call_stub
j  ch.qos.logback.core.rolling.helper.Compressor.asyncCompress(Ljava/lang/String;Ljava/lang/String;Ljava/lang/String;)Ljava/util/concurrent/Future;+0
j  ch.qos.logback.core.rolling.TimeBasedRollingPolicy.renameRawAndAsyncCompress(Ljava/lang/String;Ljava/lang/String;)Ljava/util/concurrent/Future;+50
j  ch.qos.logback.core.rolling.TimeBasedRollingPolicy.rollover()V+75
j  ch.qos.logback.core.rolling.RollingFileAppender.attemptRollover()V+4
j  ch.qos.logback.core.rolling.RollingFileAppender.rollover()V+12
j  ch.qos.logback.core.rolling.RollingFileAppender.subAppend(Ljava/lang/Object;)V+25
j  ch.qos.logback.core.OutputStreamAppender.append(Ljava/lang/Object;)V+10
j  ch.qos.logback.core.UnsynchronizedAppenderBase.doAppend(Ljava/lang/Object;)V+123
j  ch.qos.logback.core.spi.AppenderAttachableImpl.appendLoopOnAppenders(Ljava/lang/Object;)I+32
j  ch.qos.logback.core.AsyncAppenderBase$Worker.run()V+29
v  ~StubRoutines::call_stub

---------------  P R O C E S S  ---------------

Java Threads: ( => current thread )
  0x00007ff5ef80b800 JavaThread "dw-admin-56" [_thread_blocked, id=12355, stack(0x0000000115d10000,0x0000000115e10000)]
  0x00007ff5ecb58000 JavaThread "dw-admin-28-acceptor-0@3029cc1a-admin@60e9c3a5{HTTP/1.1,[http/1.1]}{0.0.0.0:6667}" [_thread_in_native, id=27395, stack(0x000000011b11e000,0x000000011b21e000)]
  0x00007ff5ed350800 JavaThread "dw-admin-27-lowPrioritySelector" [_thread_blocked, id=26883, stack(0x000000011b01b000,0x000000011b11b000)]
  0x00007ff5ed5df000 JavaThread "dw-admin-26" [_thread_in_native, id=26371, stack(0x000000011af18000,0x000000011b018000)]
  0x00007ff5eb974800 JavaThread "dw-admin-25-lowPrioritySelector" [_thread_blocked, id=25859, stack(0x000000011ae15000,0x000000011af15000)]
  0x00007ff5eb931000 JavaThread "DestroyJavaVM" [_thread_blocked, id=3847, stack(0x00000001008fb000,0x00000001009fb000)]
  0x00007ff5ed4da800 JavaThread "dw-admin-23" [_thread_in_native, id=25347, stack(0x000000011990b000,0x0000000119a0b000)]
  0x00007ff5ecc58800 JavaThread "metrics-graphite-reporter-1-thread-1" daemon [_thread_blocked, id=24835, stack(0x0000000119808000,0x0000000119908000)]
  0x00007ff5ec682000 JavaThread "dw-20" [_thread_blocked, id=24323, stack(0x000000011a85d000,0x000000011a95d000)]
  0x00007ff5ec681800 JavaThread "dw-19" [_thread_blocked, id=23811, stack(0x000000011a75a000,0x000000011a85a000)]
  0x00007ff5ec3c0000 JavaThread "dw-18" [_thread_blocked, id=23299, stack(0x000000011a657000,0x000000011a757000)]
  0x00007ff5ec215800 JavaThread "dw-17-acceptor-0@7f026104-application@2f4e40d7{HTTP/1.1,[http/1.1]}{0.0.0.0:6666}" [_thread_in_native, id=22787, stack(0x000000011a554000,0x000000011a654000)]
  0x00007ff5ec31e000 JavaThread "dw-16-lowPrioritySelector" [_thread_blocked, id=22275, stack(0x000000011a451000,0x000000011a551000)]
  0x00007ff5ecc57800 JavaThread "dw-15" [_thread_in_native, id=21763, stack(0x0000000119e87000,0x0000000119f87000)]
  0x00007ff5ed365800 JavaThread "dw-14-lowPrioritySelector" [_thread_blocked, id=21251, stack(0x0000000119a1a000,0x0000000119b1a000)]
  0x00007ff5eca34000 JavaThread "dw-13" [_thread_in_native, id=20739, stack(0x000000011950f000,0x000000011960f000)]
  0x00007ff5eca33000 JavaThread "AsyncAppender-Worker-async-console-appender" daemon [_thread_blocked, id=20227, stack(0x0000000119375000,0x0000000119475000)]
=>0x00007ff5ed2de800 JavaThread "AsyncAppender-Worker-async-file-appender" daemon [_thread_in_native, id=19715, stack(0x0000000119231000,0x0000000119331000)]
  0x00007ff5ec284800 JavaThread "AsyncAppender-Worker-async-console-appender" daemon [_thread_blocked, id=19203, stack(0x0000000118fba000,0x00000001190ba000)]
  0x00007ff5ec08f000 JavaThread "Service Thread" daemon [_thread_blocked, id=18179, stack(0x00000001179f8000,0x0000000117af8000)]
  0x00007ff5ec083800 JavaThread "C1 CompilerThread2" daemon [_thread_blocked, id=17667, stack(0x00000001178f5000,0x00000001179f5000)]
  0x00007ff5ec07a800 JavaThread "C2 CompilerThread1" daemon [_thread_blocked, id=17155, stack(0x00000001177f2000,0x00000001178f2000)]
  0x00007ff5ed009800 JavaThread "C2 CompilerThread0" daemon [_thread_blocked, id=16643, stack(0x00000001176ef000,0x00000001177ef000)]
  0x00007ff5ec078800 JavaThread "Signal Dispatcher" daemon [_thread_blocked, id=13331, stack(0x00000001175ec000,0x00000001176ec000)]
  0x00007ff5ec044000 JavaThread "Finalizer" daemon [_thread_blocked, id=11523, stack(0x0000000115bcc000,0x0000000115ccc000)]
  0x00007ff5ec041800 JavaThread "Reference Handler" daemon [_thread_blocked, id=11011, stack(0x0000000115ac9000,0x0000000115bc9000)]

Other Threads:
  0x00007ff5ec03d000 VMThread [stack: 0x00000001159c6000,0x0000000115ac6000] [id=10499]
  0x00007ff5ec803800 WatcherThread [stack: 0x0000000117afb000,0x0000000117bfb000] [id=18691]

VM state:not at safepoint (normal execution)

VM Mutex/Monitor currently owned by a thread: None

Heap:
 PSYoungGen      total 68096K, used 58080K [0x00000007aab00000, 0x00000007af000000, 0x00000007c0000000)
  eden space 65536K, 88% used [0x00000007aab00000,0x00000007ae3b8270,0x00000007aeb00000)
  from space 2560K, 0% used [0x00000007aed80000,0x00000007aed80000,0x00000007af000000)
  to   space 2560K, 0% used [0x00000007aeb00000,0x00000007aeb00000,0x00000007aed80000)
 ParOldGen       total 39424K, used 7665K [0x0000000780000000, 0x0000000782680000, 0x00000007aab00000)
  object space 39424K, 19% used [0x0000000780000000,0x000000078077c790,0x0000000782680000)
 Metaspace       used 27045K, capacity 27420K, committed 27520K, reserved 1073152K
  class space    used 3557K, capacity 3675K, committed 3712K, reserved 1048576K

Card table byte_map: [0x00000001115a8000,0x00000001117a9000] byte_map_base: 0x000000010d9a8000

Marking Bits: (ParMarkBitMap*) 0x0000000101ae6eb0
 Begin Bits: [0x0000000111d0b000, 0x0000000112d0b000)
 End Bits:   [0x0000000112d0b000, 0x0000000113d0b000)

Polling page: 0x00000001009fd000

CodeCache: size=245760Kb used=7395Kb max_used=7395Kb free=238364Kb
 bounds [0x00000001021e8000, 0x0000000102928000, 0x00000001111e8000]
 total_blobs=2810 nmethods=2355 adapters=368
 compilation: enabled

Compilation events (10 events):
Event: 1501.948 Thread 0x00007ff5ec083800 2351       3       sun.util.calendar.BaseCalendar::getFixedDate (324 bytes)
Event: 1501.952 Thread 0x00007ff5ec083800 nmethod 2351 0x0000000102920510 code [0x0000000102920800, 0x00000001029229d0]
Event: 1561.948 Thread 0x00007ff5ec083800 2353       3       java.util.Date::<init> (10 bytes)
Event: 1561.949 Thread 0x00007ff5ec083800 nmethod 2353 0x00000001029241d0 code [0x0000000102924340, 0x00000001029244f0]
Event: 1622.255 Thread 0x00007ff5ec083800 2354       3       com.codahale.metrics.EWMA::update (11 bytes)
Event: 1622.292 Thread 0x00007ff5ec083800 nmethod 2354 0x0000000102924590 code [0x0000000102924720, 0x0000000102924968]
Event: 1622.301 Thread 0x00007ff5ec083800 2355       3       ch.qos.logback.core.pattern.LiteralConverter::convert (5 bytes)
Event: 1622.301 Thread 0x00007ff5ec083800 nmethod 2355 0x0000000102924ad0 code [0x0000000102924c20, 0x0000000102924d70]
Event: 1622.301 Thread 0x00007ff5ec083800 2356       3       ch.qos.logback.classic.spi.LoggingEvent::getFormattedMessage (53 bytes)
Event: 1622.305 Thread 0x00007ff5ec083800 nmethod 2356 0x0000000102924e10 code [0x0000000102924fc0, 0x00000001029253a8]

GC Heap History (10 events):
Event: 0.418 GC heap before
{Heap before GC invocations=1 (full 0):
 PSYoungGen      total 18944K, used 16382K [0x00000007aab00000, 0x00000007ac000000, 0x00000007c0000000)
  eden space 16384K, 99% used [0x00000007aab00000,0x00000007abaff870,0x00000007abb00000)
  from space 2560K, 0% used [0x00000007abd80000,0x00000007abd80000,0x00000007ac000000)
  to   space 2560K, 0% used [0x00000007abb00000,0x00000007abb00000,0x00000007abd80000)
 ParOldGen       total 44032K, used 0K [0x0000000780000000, 0x0000000782b00000, 0x00000007aab00000)
  object space 44032K, 0% used [0x0000000780000000,0x0000000780000000,0x0000000782b00000)
 Metaspace       used 8395K, capacity 8528K, committed 8704K, reserved 1056768K
  class space    used 974K, capacity 1008K, committed 1024K, reserved 1048576K
Event: 0.423 GC heap after
Heap after GC invocations=1 (full 0):
 PSYoungGen      total 18944K, used 2532K [0x00000007aab00000, 0x00000007ad000000, 0x00000007c0000000)
  eden space 16384K, 0% used [0x00000007aab00000,0x00000007aab00000,0x00000007abb00000)
  from space 2560K, 98% used [0x00000007abb00000,0x00000007abd79288,0x00000007abd80000)
  to   space 2560K, 0% used [0x00000007acd80000,0x00000007acd80000,0x00000007ad000000)
 ParOldGen       total 44032K, used 2230K [0x0000000780000000, 0x0000000782b00000, 0x00000007aab00000)
  object space 44032K, 5% used [0x0000000780000000,0x000000078022d900,0x0000000782b00000)
 Metaspace       used 8395K, capacity 8528K, committed 8704K, reserved 1056768K
  class space    used 974K, capacity 1008K, committed 1024K, reserved 1048576K
}
Event: 0.786 GC heap before
{Heap before GC invocations=2 (full 0):
 PSYoungGen      total 18944K, used 18916K [0x00000007aab00000, 0x00000007ad000000, 0x00000007c0000000)
  eden space 16384K, 100% used [0x00000007aab00000,0x00000007abb00000,0x00000007abb00000)
  from space 2560K, 98% used [0x00000007abb00000,0x00000007abd79288,0x00000007abd80000)
  to   space 2560K, 0% used [0x00000007acd80000,0x00000007acd80000,0x00000007ad000000)
 ParOldGen       total 44032K, used 2230K [0x0000000780000000, 0x0000000782b00000, 0x00000007aab00000)
  object space 44032K, 5% used [0x0000000780000000,0x000000078022d900,0x0000000782b00000)
 Metaspace       used 14515K, capacity 14728K, committed 14976K, reserved 1062912K
  class space    used 1792K, capacity 1889K, committed 1920K, reserved 1048576K
Event: 0.792 GC heap after
Heap after GC invocations=2 (full 0):
 PSYoungGen      total 35328K, used 2560K [0x00000007aab00000, 0x00000007ad000000, 0x00000007c0000000)
  eden space 32768K, 0% used [0x00000007aab00000,0x00000007aab00000,0x00000007acb00000)
  from space 2560K, 100% used [0x00000007acd80000,0x00000007ad000000,0x00000007ad000000)
  to   space 2560K, 0% used [0x00000007acb00000,0x00000007acb00000,0x00000007acd80000)
 ParOldGen       total 44032K, used 4850K [0x0000000780000000, 0x0000000782b00000, 0x00000007aab00000)
  object space 44032K, 11% used [0x0000000780000000,0x00000007804bc9a8,0x0000000782b00000)
 Metaspace       used 14515K, capacity 14728K, committed 14976K, reserved 1062912K
  class space    used 1792K, capacity 1889K, committed 1920K, reserved 1048576K
}
Event: 1.464 GC heap before
{Heap before GC invocations=3 (full 0):
 PSYoungGen      total 35328K, used 35328K [0x00000007aab00000, 0x00000007ad000000, 0x00000007c0000000)
  eden space 32768K, 100% used [0x00000007aab00000,0x00000007acb00000,0x00000007acb00000)
  from space 2560K, 100% used [0x00000007acd80000,0x00000007ad000000,0x00000007ad000000)
  to   space 2560K, 0% used [0x00000007acb00000,0x00000007acb00000,0x00000007acd80000)
 ParOldGen       total 44032K, used 4850K [0x0000000780000000, 0x0000000782b00000, 0x00000007aab00000)
  object space 44032K, 11% used [0x0000000780000000,0x00000007804bc9a8,0x0000000782b00000)
 Metaspace       used 18882K, capacity 19116K, committed 19456K, reserved 1067008K
  class space    used 2371K, capacity 2455K, committed 2560K, reserved 1048576K
Event: 1.488 GC heap after
Heap after GC invocations=3 (full 0):
 PSYoungGen      total 35328K, used 2560K [0x00000007aab00000, 0x00000007af000000, 0x00000007c0000000)
  eden space 32768K, 0% used [0x00000007aab00000,0x00000007aab00000,0x00000007acb00000)
  from space 2560K, 100% used [0x00000007acb00000,0x00000007acd80000,0x00000007acd80000)
  to   space 2560K, 0% used [0x00000007aed80000,0x00000007aed80000,0x00000007af000000)
 ParOldGen       total 44032K, used 11032K [0x0000000780000000, 0x0000000782b00000, 0x00000007aab00000)
  object space 44032K, 25% used [0x0000000780000000,0x0000000780ac63e8,0x0000000782b00000)
 Metaspace       used 18882K, capacity 19116K, committed 19456K, reserved 1067008K
  class space    used 2371K, capacity 2455K, committed 2560K, reserved 1048576K
}
Event: 1.723 GC heap before
{Heap before GC invocations=4 (full 0):
 PSYoungGen      total 35328K, used 13051K [0x00000007aab00000, 0x00000007af000000, 0x00000007c0000000)
  eden space 32768K, 32% used [0x00000007aab00000,0x00000007ab53ed50,0x00000007acb00000)
  from space 2560K, 100% used [0x00000007acb00000,0x00000007acd80000,0x00000007acd80000)
  to   space 2560K, 0% used [0x00000007aed80000,0x00000007aed80000,0x00000007af000000)
 ParOldGen       total 44032K, used 11032K [0x0000000780000000, 0x0000000782b00000, 0x00000007aab00000)
  object space 44032K, 25% used [0x0000000780000000,0x0000000780ac63e8,0x0000000782b00000)
 Metaspace       used 20953K, capacity 21182K, committed 21248K, reserved 1067008K
  class space    used 2659K, capacity 2754K, committed 2816K, reserved 1048576K
Event: 1.737 GC heap after
Heap after GC invocations=4 (full 0):
 PSYoungGen      total 68096K, used 2544K [0x00000007aab00000, 0x00000007af000000, 0x00000007c0000000)
  eden space 65536K, 0% used [0x00000007aab00000,0x00000007aab00000,0x00000007aeb00000)
  from space 2560K, 99% used [0x00000007aed80000,0x00000007aeffc010,0x00000007af000000)
  to   space 2560K, 0% used [0x00000007aeb00000,0x00000007aeb00000,0x00000007aed80000)
 ParOldGen       total 44032K, used 13326K [0x0000000780000000, 0x0000000782b00000, 0x00000007aab00000)
  object space 44032K, 30% used [0x0000000780000000,0x0000000780d03a30,0x0000000782b00000)
 Metaspace       used 20953K, capacity 21182K, committed 21248K, reserved 1067008K
  class space    used 2659K, capacity 2754K, committed 2816K, reserved 1048576K
}
Event: 1.737 GC heap before
{Heap before GC invocations=5 (full 1):
 PSYoungGen      total 68096K, used 2544K [0x00000007aab00000, 0x00000007af000000, 0x00000007c0000000)
  eden space 65536K, 0% used [0x00000007aab00000,0x00000007aab00000,0x00000007aeb00000)
  from space 2560K, 99% used [0x00000007aed80000,0x00000007aeffc010,0x00000007af000000)
  to   space 2560K, 0% used [0x00000007aeb00000,0x00000007aeb00000,0x00000007aed80000)
 ParOldGen       total 44032K, used 13326K [0x0000000780000000, 0x0000000782b00000, 0x00000007aab00000)
  object space 44032K, 30% used [0x0000000780000000,0x0000000780d03a30,0x0000000782b00000)
 Metaspace       used 20953K, capacity 21182K, committed 21248K, reserved 1067008K
  class space    used 2659K, capacity 2754K, committed 2816K, reserved 1048576K
Event: 1.795 GC heap after
Heap after GC invocations=5 (full 1):
 PSYoungGen      total 68096K, used 0K [0x00000007aab00000, 0x00000007af000000, 0x00000007c0000000)
  eden space 65536K, 0% used [0x00000007aab00000,0x00000007aab00000,0x00000007aeb00000)
  from space 2560K, 0% used [0x00000007aed80000,0x00000007aed80000,0x00000007af000000)
  to   space 2560K, 0% used [0x00000007aeb00000,0x00000007aeb00000,0x00000007aed80000)
 ParOldGen       total 39424K, used 7665K [0x0000000780000000, 0x0000000782680000, 0x00000007aab00000)
  object space 39424K, 19% used [0x0000000780000000,0x000000078077c790,0x0000000782680000)
 Metaspace       used 20953K, capacity 21182K, committed 21248K, reserved 1067008K
  class space    used 2659K, capacity 2754K, committed 2816K, reserved 1048576K
}

Deoptimization events (10 events):
Event: 2.054 Thread 0x00007ff5ec002000 Uncommon trap: reason=class_check action=maybe_recompile pc=0x00000001025f438c method=java.lang.reflect.Method.equals(Ljava/lang/Object;)Z @ 5
Event: 2.054 Thread 0x00007ff5ec002000 Uncommon trap: reason=class_check action=maybe_recompile pc=0x00000001025f438c method=java.lang.reflect.Method.equals(Ljava/lang/Object;)Z @ 5
Event: 2.148 Thread 0x00007ff5ec002000 Uncommon trap: reason=bimorphic action=maybe_recompile pc=0x000000010276c3b0 method=java.util.AbstractCollection.addAll(Ljava/util/Collection;)Z @ 29
Event: 2.179 Thread 0x00007ff5ec002000 Uncommon trap: reason=bimorphic action=maybe_recompile pc=0x000000010276c3b0 method=java.util.AbstractCollection.addAll(Ljava/util/Collection;)Z @ 29
Event: 2.183 Thread 0x00007ff5ec002000 Uncommon trap: reason=bimorphic action=maybe_recompile pc=0x000000010276c3b0 method=java.util.AbstractCollection.addAll(Ljava/util/Collection;)Z @ 29
Event: 2.233 Thread 0x00007ff5ec002000 Uncommon trap: reason=bimorphic action=maybe_recompile pc=0x000000010276c3b0 method=java.util.AbstractCollection.addAll(Ljava/util/Collection;)Z @ 29
Event: 2.255 Thread 0x00007ff5ec002000 Uncommon trap: reason=class_check action=maybe_recompile pc=0x00000001025f438c method=java.lang.reflect.Method.equals(Ljava/lang/Object;)Z @ 5
Event: 2.255 Thread 0x00007ff5ec002000 Uncommon trap: reason=class_check action=maybe_recompile pc=0x00000001025f438c method=java.lang.reflect.Method.equals(Ljava/lang/Object;)Z @ 5
Event: 2.270 Thread 0x00007ff5ec002000 Uncommon trap: reason=unstable_if action=reinterpret pc=0x00000001027b0a8c method=java.util.Properties.loadConvert([CII[C)Ljava/lang/String; @ 57
Event: 2.360 Thread 0x00007ff5ec002000 Uncommon trap: reason=unstable_if action=reinterpret pc=0x00000001027e0848 method=java.lang.Class.searchMethods([Ljava/lang/reflect/Method;Ljava/lang/String;[Ljava/lang/Class;)Ljava/lang/reflect/Method; @ 47

Internal exceptions (10 events):
Event: 1081.948 Thread 0x00007ff5ecc58800 Exception <a 'java/net/ConnectException'> (0x00000007adcf5ec8) thrown at [/Users/java_re/workspace/8-2-build-macosx-x86_64/jdk8u91/6644/hotspot/src/share/vm/prims/jni.cpp, line 709]
Event: 1141.948 Thread 0x00007ff5ecc58800 Exception <a 'java/net/ConnectException'> (0x00000007adcfbac8) thrown at [/Users/java_re/workspace/8-2-build-macosx-x86_64/jdk8u91/6644/hotspot/src/share/vm/prims/jni.cpp, line 709]
Event: 1201.943 Thread 0x00007ff5ecc58800 Exception <a 'java/net/ConnectException'> (0x00000007add016c8) thrown at [/Users/java_re/workspace/8-2-build-macosx-x86_64/jdk8u91/6644/hotspot/src/share/vm/prims/jni.cpp, line 709]
Event: 1261.948 Thread 0x00007ff5ecc58800 Exception <a 'java/net/ConnectException'> (0x00000007add072c8) thrown at [/Users/java_re/workspace/8-2-build-macosx-x86_64/jdk8u91/6644/hotspot/src/share/vm/prims/jni.cpp, line 709]
Event: 1321.943 Thread 0x00007ff5ecc58800 Exception <a 'java/net/ConnectException'> (0x00000007add0cec8) thrown at [/Users/java_re/workspace/8-2-build-macosx-x86_64/jdk8u91/6644/hotspot/src/share/vm/prims/jni.cpp, line 709]
Event: 1381.943 Thread 0x00007ff5ecc58800 Exception <a 'java/net/ConnectException'> (0x00000007add12ac8) thrown at [/Users/java_re/workspace/8-2-build-macosx-x86_64/jdk8u91/6644/hotspot/src/share/vm/prims/jni.cpp, line 709]
Event: 1441.948 Thread 0x00007ff5ecc58800 Exception <a 'java/net/ConnectException'> (0x00000007add186c8) thrown at [/Users/java_re/workspace/8-2-build-macosx-x86_64/jdk8u91/6644/hotspot/src/share/vm/prims/jni.cpp, line 709]
Event: 1501.948 Thread 0x00007ff5ecc58800 Exception <a 'java/net/ConnectException'> (0x00000007add1e2c8) thrown at [/Users/java_re/workspace/8-2-build-macosx-x86_64/jdk8u91/6644/hotspot/src/share/vm/prims/jni.cpp, line 709]
Event: 1561.948 Thread 0x00007ff5ecc58800 Exception <a 'java/net/ConnectException'> (0x00000007add23ec8) thrown at [/Users/java_re/workspace/8-2-build-macosx-x86_64/jdk8u91/6644/hotspot/src/share/vm/prims/jni.cpp, line 709]
Event: 1622.220 Thread 0x00007ff5ecc58800 Exception <a 'java/net/ConnectException'> (0x00000007add29ac8) thrown at [/Users/java_re/workspace/8-2-build-macosx-x86_64/jdk8u91/6644/hotspot/src/share/vm/prims/jni.cpp, line 709]

Events (10 events):
Event: 1382.822 Thread 0x00007ff5ef0bf800 Thread added: 0x00007ff5ef0bf800
Event: 1382.822 Thread 0x00007ff5ef000000 Thread exited: 0x00007ff5ef000000
Event: 1442.828 Thread 0x00007ff5ef000000 Thread added: 0x00007ff5ef000000
Event: 1442.828 Thread 0x00007ff5ef0bf800 Thread exited: 0x00007ff5ef0bf800
Event: 1502.832 Thread 0x00007ff5ef80b000 Thread added: 0x00007ff5ef80b000
Event: 1502.832 Thread 0x00007ff5ef000000 Thread exited: 0x00007ff5ef000000
Event: 1562.832 Thread 0x00007ff5ef80b800 Thread added: 0x00007ff5ef80b800
Event: 1562.832 Thread 0x00007ff5ef80b000 Thread exited: 0x00007ff5ef80b000
Event: 1622.304 loading class ch/qos/logback/core/rolling/helper/Compressor$CompressionRunnable
Event: 1622.304 loading class ch/qos/logback/core/rolling/helper/Compressor$CompressionRunnable done


Dynamic libraries:
0x0000000009da1000 	/System/Library/Frameworks/Cocoa.framework/Versions/A/Cocoa
0x0000000009da1000 	/System/Library/Frameworks/Security.framework/Versions/A/Security
0x0000000009da1000 	/System/Library/Frameworks/ApplicationServices.framework/Versions/A/ApplicationServices
0x0000000009da1000 	/usr/lib/libz.1.dylib
0x0000000009da1000 	/usr/lib/libSystem.B.dylib
0x0000000009da1000 	/usr/lib/libobjc.A.dylib
0x0000000009da1000 	/System/Library/Frameworks/CoreFoundation.framework/Versions/A/CoreFoundation
0x0000000009da1000 	/System/Library/Frameworks/Foundation.framework/Versions/C/Foundation
0x0000000009da1000 	/System/Library/Frameworks/AppKit.framework/Versions/C/AppKit
0x0000000009da1000 	/System/Library/Frameworks/CoreData.framework/Versions/A/CoreData
0x0000000009da1000 	/System/Library/PrivateFrameworks/RemoteViewServices.framework/Versions/A/RemoteViewServices
0x0000000009da1000 	/System/Library/PrivateFrameworks/UIFoundation.framework/Versions/A/UIFoundation
0x0000000009da1000 	/System/Library/Frameworks/IOSurface.framework/Versions/A/IOSurface
0x0000000009da1000 	/System/Library/Frameworks/AudioToolbox.framework/Versions/A/AudioToolbox
0x0000000009da1000 	/System/Library/Frameworks/AudioUnit.framework/Versions/A/AudioUnit
0x0000000009da1000 	/System/Library/PrivateFrameworks/DataDetectorsCore.framework/Versions/A/DataDetectorsCore
0x0000000009da1000 	/System/Library/PrivateFrameworks/DesktopServicesPriv.framework/Versions/A/DesktopServicesPriv
0x0000000009da1000 	/System/Library/Frameworks/Carbon.framework/Versions/A/Frameworks/HIToolbox.framework/Versions/A/HIToolbox
0x0000000009da1000 	/System/Library/Frameworks/QuartzCore.framework/Versions/A/QuartzCore
0x0000000009da1000 	/System/Library/Frameworks/Carbon.framework/Versions/A/Frameworks/SpeechRecognition.framework/Versions/A/SpeechRecognition
0x0000000009da1000 	/usr/lib/libauto.dylib
0x0000000009da1000 	/usr/lib/libicucore.A.dylib
0x0000000009da1000 	/usr/lib/libxml2.2.dylib
0x0000000009da1000 	/System/Library/PrivateFrameworks/CoreUI.framework/Versions/A/CoreUI
0x0000000009da1000 	/System/Library/Frameworks/CoreAudio.framework/Versions/A/CoreAudio
0x0000000009da1000 	/System/Library/Frameworks/DiskArbitration.framework/Versions/A/DiskArbitration
0x0000000009da1000 	/usr/lib/liblangid.dylib
0x0000000009da1000 	/System/Library/PrivateFrameworks/MultitouchSupport.framework/Versions/A/MultitouchSupport
0x0000000009da1000 	/System/Library/Frameworks/IOKit.framework/Versions/A/IOKit
0x0000000009da1000 	/usr/lib/libDiagnosticMessagesClient.dylib
0x0000000009da1000 	/System/Library/Frameworks/CoreServices.framework/Versions/A/CoreServices
0x0000000009da1000 	/System/Library/PrivateFrameworks/PerformanceAnalysis.framework/Versions/A/PerformanceAnalysis
0x0000000009da1000 	/System/Library/PrivateFrameworks/GenerationalStorage.framework/Versions/A/GenerationalStorage
0x0000000009da1000 	/System/Library/Frameworks/OpenGL.framework/Versions/A/OpenGL
0x0000000009da1000 	/System/Library/PrivateFrameworks/Sharing.framework/Versions/A/Sharing
0x0000000009da1000 	/System/Library/Frameworks/CoreGraphics.framework/Versions/A/CoreGraphics
0x0000000009da1000 	/System/Library/Frameworks/CoreText.framework/Versions/A/CoreText
0x0000000009da1000 	/System/Library/Frameworks/ImageIO.framework/Versions/A/ImageIO
0x0000000009da1000 	/usr/lib/libextension.dylib
0x0000000009da1000 	/System/Library/PrivateFrameworks/Backup.framework/Versions/A/Backup
0x0000000009da1000 	/usr/lib/libarchive.2.dylib
0x0000000009da1000 	/System/Library/Frameworks/CFNetwork.framework/Versions/A/CFNetwork
0x0000000009da1000 	/System/Library/Frameworks/SystemConfiguration.framework/Versions/A/SystemConfiguration
0x0000000009da1000 	/usr/lib/libCRFSuite.dylib
0x0000000009da1000 	/usr/lib/libc++.1.dylib
0x0000000009da1000 	/usr/lib/libc++abi.dylib
0x0000000009da1000 	/usr/lib/system/libcache.dylib
0x0000000009da1000 	/usr/lib/system/libcommonCrypto.dylib
0x0000000009da1000 	/usr/lib/system/libcompiler_rt.dylib
0x0000000009da1000 	/usr/lib/system/libcopyfile.dylib
0x0000000009da1000 	/usr/lib/system/libcorecrypto.dylib
0x0000000009da1000 	/usr/lib/system/libdispatch.dylib
0x0000000009da1000 	/usr/lib/system/libdyld.dylib
0x0000000009da1000 	/usr/lib/system/libkeymgr.dylib
0x0000000009da1000 	/usr/lib/system/liblaunch.dylib
0x0000000009da1000 	/usr/lib/system/libmacho.dylib
0x0000000009da1000 	/usr/lib/system/libquarantine.dylib
0x0000000009da1000 	/usr/lib/system/libremovefile.dylib
0x0000000009da1000 	/usr/lib/system/libsystem_asl.dylib
0x0000000009da1000 	/usr/lib/system/libsystem_blocks.dylib
0x0000000009da1000 	/usr/lib/system/libsystem_c.dylib
0x0000000009da1000 	/usr/lib/system/libsystem_configuration.dylib
0x0000000009da1000 	/usr/lib/system/libsystem_coreservices.dylib
0x0000000009da1000 	/usr/lib/system/libsystem_coretls.dylib
0x0000000009da1000 	/usr/lib/system/libsystem_dnssd.dylib
0x0000000009da1000 	/usr/lib/system/libsystem_info.dylib
0x0000000009da1000 	/usr/lib/system/libsystem_kernel.dylib
0x0000000009da1000 	/usr/lib/system/libsystem_m.dylib
0x0000000009da1000 	/usr/lib/system/libsystem_malloc.dylib
0x0000000009da1000 	/usr/lib/system/libsystem_network.dylib
0x0000000009da1000 	/usr/lib/system/libsystem_networkextension.dylib
0x0000000009da1000 	/usr/lib/system/libsystem_notify.dylib
0x0000000009da1000 	/usr/lib/system/libsystem_platform.dylib
0x0000000009da1000 	/usr/lib/system/libsystem_pthread.dylib
0x0000000009da1000 	/usr/lib/system/libsystem_sandbox.dylib
0x0000000009da1000 	/usr/lib/system/libsystem_secinit.dylib
0x0000000009da1000 	/usr/lib/system/libsystem_stats.dylib
0x0000000009da1000 	/usr/lib/system/libsystem_trace.dylib
0x0000000009da1000 	/usr/lib/system/libunc.dylib
0x0000000009da1000 	/usr/lib/system/libunwind.dylib
0x0000000009da1000 	/usr/lib/system/libxpc.dylib
0x0000000009da1000 	/usr/lib/libbz2.1.0.dylib
0x0000000009da1000 	/usr/lib/liblzma.5.dylib
0x0000000009da1000 	/usr/lib/libbsm.0.dylib
0x0000000009da1000 	/usr/lib/libsqlite3.dylib
0x0000000009da1000 	/usr/lib/system/libkxld.dylib
0x0000000009da1000 	/usr/lib/libxar.1.dylib
0x0000000009da1000 	/usr/lib/libpam.2.dylib
0x0000000009da1000 	/usr/lib/libOpenScriptingUtil.dylib
0x0000000009da1000 	/System/Library/Frameworks/CoreServices.framework/Versions/A/Frameworks/FSEvents.framework/Versions/A/FSEvents
0x0000000009da1000 	/System/Library/Frameworks/CoreServices.framework/Versions/A/Frameworks/CarbonCore.framework/Versions/A/CarbonCore
0x0000000009da1000 	/System/Library/Frameworks/CoreServices.framework/Versions/A/Frameworks/Metadata.framework/Versions/A/Metadata
0x0000000009da1000 	/System/Library/Frameworks/CoreServices.framework/Versions/A/Frameworks/OSServices.framework/Versions/A/OSServices
0x0000000009da1000 	/System/Library/Frameworks/CoreServices.framework/Versions/A/Frameworks/SearchKit.framework/Versions/A/SearchKit
0x0000000009da1000 	/System/Library/Frameworks/CoreServices.framework/Versions/A/Frameworks/AE.framework/Versions/A/AE
0x0000000009da1000 	/System/Library/Frameworks/CoreServices.framework/Versions/A/Frameworks/LaunchServices.framework/Versions/A/LaunchServices
0x0000000009da1000 	/System/Library/Frameworks/CoreServices.framework/Versions/A/Frameworks/DictionaryServices.framework/Versions/A/DictionaryServices
0x0000000009da1000 	/System/Library/Frameworks/NetFS.framework/Versions/A/NetFS
0x0000000009da1000 	/System/Library/PrivateFrameworks/NetAuth.framework/Versions/A/NetAuth
0x0000000009da1000 	/System/Library/PrivateFrameworks/login.framework/Versions/A/Frameworks/loginsupport.framework/Versions/A/loginsupport
0x0000000009da1000 	/System/Library/PrivateFrameworks/TCC.framework/Versions/A/TCC
0x0000000009da1000 	/usr/lib/libmecabra.dylib
0x0000000009da1000 	/System/Library/Frameworks/ApplicationServices.framework/Versions/A/Frameworks/ATS.framework/Versions/A/ATS
0x0000000009da1000 	/System/Library/Frameworks/ApplicationServices.framework/Versions/A/Frameworks/ColorSync.framework/Versions/A/ColorSync
0x0000000009da1000 	/System/Library/Frameworks/ApplicationServices.framework/Versions/A/Frameworks/HIServices.framework/Versions/A/HIServices
0x0000000009da1000 	/System/Library/Frameworks/ApplicationServices.framework/Versions/A/Frameworks/LangAnalysis.framework/Versions/A/LangAnalysis
0x0000000009da1000 	/System/Library/Frameworks/ApplicationServices.framework/Versions/A/Frameworks/PrintCore.framework/Versions/A/PrintCore
0x0000000009da1000 	/System/Library/Frameworks/ApplicationServices.framework/Versions/A/Frameworks/QD.framework/Versions/A/QD
0x0000000009da1000 	/System/Library/Frameworks/ApplicationServices.framework/Versions/A/Frameworks/SpeechSynthesis.framework/Versions/A/SpeechSynthesis
0x0000000009da1000 	/System/Library/Frameworks/Accelerate.framework/Versions/A/Accelerate
0x0000000009da1000 	/System/Library/Frameworks/Accelerate.framework/Versions/A/Frameworks/vImage.framework/Versions/A/vImage
0x0000000009da1000 	/System/Library/Frameworks/Accelerate.framework/Versions/A/Frameworks/vecLib.framework/Versions/A/vecLib
0x0000000009da1000 	/System/Library/Frameworks/Accelerate.framework/Versions/A/Frameworks/vecLib.framework/Versions/A/libvDSP.dylib
0x0000000009da1000 	/System/Library/Frameworks/Accelerate.framework/Versions/A/Frameworks/vecLib.framework/Versions/A/libvMisc.dylib
0x0000000009da1000 	/System/Library/Frameworks/Accelerate.framework/Versions/A/Frameworks/vecLib.framework/Versions/A/libLAPACK.dylib
0x0000000009da1000 	/System/Library/Frameworks/Accelerate.framework/Versions/A/Frameworks/vecLib.framework/Versions/A/libBLAS.dylib
0x0000000009da1000 	/System/Library/Frameworks/Accelerate.framework/Versions/A/Frameworks/vecLib.framework/Versions/A/libLinearAlgebra.dylib
0x0000000009da1000 	/System/Library/Frameworks/ApplicationServices.framework/Versions/A/Frameworks/ATS.framework/Versions/A/Resources/libFontParser.dylib
0x0000000009da1000 	/System/Library/Frameworks/ApplicationServices.framework/Versions/A/Frameworks/ATS.framework/Versions/A/Resources/libFontRegistry.dylib
0x0000000009da1000 	/System/Library/PrivateFrameworks/AppleVPA.framework/Versions/A/AppleVPA
0x0000000009da1000 	/System/Library/PrivateFrameworks/AppleJPEG.framework/Versions/A/AppleJPEG
0x0000000009da1000 	/System/Library/Frameworks/ImageIO.framework/Versions/A/Resources/libJPEG.dylib
0x0000000009da1000 	/System/Library/Frameworks/ImageIO.framework/Versions/A/Resources/libTIFF.dylib
0x0000000009da1000 	/System/Library/Frameworks/ImageIO.framework/Versions/A/Resources/libPng.dylib
0x0000000009da1000 	/System/Library/Frameworks/ImageIO.framework/Versions/A/Resources/libGIF.dylib
0x0000000009da1000 	/System/Library/Frameworks/ImageIO.framework/Versions/A/Resources/libJP2.dylib
0x0000000009da1000 	/System/Library/Frameworks/ImageIO.framework/Versions/A/Resources/libRadiance.dylib
0x0000000009da1000 	/System/Library/Frameworks/CoreVideo.framework/Versions/A/CoreVideo
0x0000000009da1000 	/System/Library/Frameworks/OpenGL.framework/Versions/A/Libraries/libGLU.dylib
0x0000000009da1000 	/System/Library/Frameworks/OpenGL.framework/Versions/A/Libraries/libGFXShared.dylib
0x0000000009da1000 	/System/Library/Frameworks/OpenGL.framework/Versions/A/Libraries/libGL.dylib
0x0000000009da1000 	/System/Library/Frameworks/OpenGL.framework/Versions/A/Libraries/libGLImage.dylib
0x0000000009da1000 	/System/Library/Frameworks/OpenGL.framework/Versions/A/Libraries/libCVMSPluginSupport.dylib
0x0000000009da1000 	/System/Library/Frameworks/OpenGL.framework/Versions/A/Libraries/libCoreVMClient.dylib
0x0000000009da1000 	/usr/lib/libcups.2.dylib
0x0000000009da1000 	/System/Library/Frameworks/Kerberos.framework/Versions/A/Kerberos
0x0000000009da1000 	/System/Library/Frameworks/GSS.framework/Versions/A/GSS
0x0000000009da1000 	/usr/lib/libresolv.9.dylib
0x0000000009da1000 	/usr/lib/libiconv.2.dylib
0x0000000009da1000 	/System/Library/PrivateFrameworks/Heimdal.framework/Versions/A/Heimdal
0x0000000009da1000 	/usr/lib/libheimdal-asn1.dylib
0x0000000009da1000 	/System/Library/Frameworks/OpenDirectory.framework/Versions/A/OpenDirectory
0x0000000009da1000 	/System/Library/PrivateFrameworks/CommonAuth.framework/Versions/A/CommonAuth
0x0000000009da1000 	/System/Library/Frameworks/OpenDirectory.framework/Versions/A/Frameworks/CFOpenDirectory.framework/Versions/A/CFOpenDirectory
0x0000000009da1000 	/System/Library/Frameworks/SecurityFoundation.framework/Versions/A/SecurityFoundation
0x0000000009da1000 	/System/Library/PrivateFrameworks/LanguageModeling.framework/Versions/A/LanguageModeling
0x0000000009da1000 	/usr/lib/libcmph.dylib
0x0000000009da1000 	/System/Library/Frameworks/ServiceManagement.framework/Versions/A/ServiceManagement
0x0000000009da1000 	/usr/lib/libxslt.1.dylib
0x0000000009da1000 	/System/Library/Frameworks/Carbon.framework/Versions/A/Frameworks/Ink.framework/Versions/A/Ink
0x0000000009da1000 	/System/Library/Frameworks/QuartzCore.framework/Versions/A/Frameworks/CoreImage.framework/Versions/A/CoreImage
0x0000000009da1000 	/System/Library/PrivateFrameworks/CrashReporterSupport.framework/Versions/A/CrashReporterSupport
0x0000000009da1000 	/System/Library/Frameworks/OpenCL.framework/Versions/A/OpenCL
0x0000000009da1000 	/System/Library/PrivateFrameworks/FaceCore.framework/Versions/A/FaceCore
0x0000000009da1000 	/System/Library/PrivateFrameworks/Ubiquity.framework/Versions/A/Ubiquity
0x0000000009da1000 	/System/Library/PrivateFrameworks/IconServices.framework/Versions/A/IconServices
0x0000000009da1000 	/System/Library/PrivateFrameworks/ChunkingLibrary.framework/Versions/A/ChunkingLibrary
0x0000000009da1000 	/System/Library/PrivateFrameworks/Apple80211.framework/Versions/A/Apple80211
0x0000000009da1000 	/System/Library/Frameworks/CoreWLAN.framework/Versions/A/CoreWLAN
0x0000000009da1000 	/System/Library/Frameworks/IOBluetooth.framework/Versions/A/IOBluetooth
0x0000000009da1000 	/System/Library/PrivateFrameworks/CoreWiFi.framework/Versions/A/CoreWiFi
0x0000000009da1000 	/System/Library/Frameworks/CoreBluetooth.framework/Versions/A/CoreBluetooth
0x0000000009da1000 	/System/Library/PrivateFrameworks/DebugSymbols.framework/Versions/A/DebugSymbols
0x0000000009da1000 	/System/Library/PrivateFrameworks/CoreSymbolication.framework/Versions/A/CoreSymbolication
0x0000000009da1000 	/System/Library/PrivateFrameworks/Symbolication.framework/Versions/A/Symbolication
0x0000000009da1000 	/System/Library/PrivateFrameworks/SpeechRecognitionCore.framework/Versions/A/SpeechRecognitionCore
0x0000000101200000 	/Library/Java/JavaVirtualMachines/jdk1.8.0_91.jdk/Contents/Home/jre/lib/server/libjvm.dylib
0x0000000009da1000 	/usr/lib/libstdc++.6.dylib
0x0000000102194000 	/Library/Java/JavaVirtualMachines/jdk1.8.0_91.jdk/Contents/Home/jre/lib/libverify.dylib
0x00000001021a2000 	/Library/Java/JavaVirtualMachines/jdk1.8.0_91.jdk/Contents/Home/jre/lib/libjava.dylib
0x00000001021df000 	/Library/Java/JavaVirtualMachines/jdk1.8.0_91.jdk/Contents/Home/jre/lib/libzip.dylib
0x0000000115cce000 	/System/Library/Frameworks/JavaVM.framework/Frameworks/JavaRuntimeSupport.framework/JavaRuntimeSupport
0x0000000115ce4000 	/System/Library/Frameworks/JavaVM.framework/Versions/A/Frameworks/JavaNativeFoundation.framework/Versions/A/JavaNativeFoundation
0x0000000115cf8000 	/System/Library/Frameworks/JavaVM.framework/Versions/A/JavaVM
0x0000000009da1000 	/System/Library/Frameworks/Carbon.framework/Versions/A/Carbon
0x0000000115d04000 	/System/Library/PrivateFrameworks/JavaLaunching.framework/Versions/A/JavaLaunching
0x0000000009da1000 	/System/Library/Frameworks/Carbon.framework/Versions/A/Frameworks/CommonPanels.framework/Versions/A/CommonPanels
0x0000000009da1000 	/System/Library/Frameworks/Carbon.framework/Versions/A/Frameworks/Help.framework/Versions/A/Help
0x0000000009da1000 	/System/Library/Frameworks/Carbon.framework/Versions/A/Frameworks/ImageCapture.framework/Versions/A/ImageCapture
0x0000000009da1000 	/System/Library/Frameworks/Carbon.framework/Versions/A/Frameworks/OpenScripting.framework/Versions/A/OpenScripting
0x0000000009da1000 	/System/Library/Frameworks/Carbon.framework/Versions/A/Frameworks/Print.framework/Versions/A/Print
0x0000000009da1000 	/System/Library/Frameworks/Carbon.framework/Versions/A/Frameworks/SecurityHI.framework/Versions/A/SecurityHI
0x0000000117d65000 	/Library/Java/JavaVirtualMachines/jdk1.8.0_91.jdk/Contents/Home/jre/lib/libmanagement.dylib
0x0000000117d73000 	/Library/Java/JavaVirtualMachines/jdk1.8.0_91.jdk/Contents/Home/jre/lib/libnet.dylib
0x0000000117dd2000 	/Library/Java/JavaVirtualMachines/jdk1.8.0_91.jdk/Contents/Home/jre/lib/libnio.dylib

VM Arguments:
java_command: target/hello-dropwizard-1.0-SNAPSHOT.jar server example.yaml
java_class_path (initial): target/hello-dropwizard-1.0-SNAPSHOT.jar
Launcher Type: SUN_STANDARD

Environment Variables:
PATH=/Users/jannathparveen/anaconda3/bin:/usr/local/bin:/usr/bin:/bin:/usr/sbin:/sbin:/Applications/apache-maven-3.6.0/bin
SHELL=/bin/bash

Signal Handlers:
SIGSEGV: [libjvm.dylib+0x5a97a1], sa_mask[0]=11111111011111110111111111111111, sa_flags=SA_ONSTACK|SA_RESTART|SA_SIGINFO
SIGBUS: [libjvm.dylib+0x5a97a1], sa_mask[0]=11111111011111110111111111111111, sa_flags=SA_RESTART|SA_SIGINFO
SIGFPE: [libjvm.dylib+0x482594], sa_mask[0]=11111111011111110111111111111111, sa_flags=SA_RESTART|SA_SIGINFO
SIGPIPE: [libjvm.dylib+0x482594], sa_mask[0]=11111111011111110111111111111111, sa_flags=SA_RESTART|SA_SIGINFO
SIGXFSZ: [libjvm.dylib+0x482594], sa_mask[0]=11111111011111110111111111111111, sa_flags=SA_RESTART|SA_SIGINFO
SIGILL: [libjvm.dylib+0x482594], sa_mask[0]=11111111011111110111111111111111, sa_flags=SA_RESTART|SA_SIGINFO
SIGUSR1: SIG_DFL, sa_mask[0]=11011111011111100000000111000110, sa_flags=none
SIGUSR2: [libjvm.dylib+0x4820b2], sa_mask[0]=00000000000000000000000000000000, sa_flags=SA_RESTART|SA_SIGINFO
SIGHUP: [libjvm.dylib+0x480689], sa_mask[0]=11111111011111110111111111111111, sa_flags=SA_RESTART|SA_SIGINFO
SIGINT: [libjvm.dylib+0x480689], sa_mask[0]=11111111011111110111111111111111, sa_flags=SA_RESTART|SA_SIGINFO
SIGTERM: [libjvm.dylib+0x480689], sa_mask[0]=11111111011111110111111111111111, sa_flags=SA_RESTART|SA_SIGINFO
SIGQUIT: [libjvm.dylib+0x480689], sa_mask[0]=11111111011111110111111111111111, sa_flags=SA_RESTART|SA_SIGINFO


---------------  S Y S T E M  ---------------

OS:Bsduname:Darwin 14.5.0 Darwin Kernel Version 14.5.0: Sun Jun  4 21:40:08 PDT 2017; root:xnu-2782.70.3~1/RELEASE_X86_64 x86_64
rlimit: STACK 8192k, CORE 0k, NPROC 709, NOFILE 10240, AS infinity
load average:1.92 1.75 1.57

CPU:total 4 (2 cores per cpu, 2 threads per core) family 6 model 61 stepping 4, cmov, cx8, fxsr, mmx, sse, sse2, sse3, ssse3, sse4.1, sse4.2, popcnt, avx, avx2, aes, clmul, erms, 3dnowpref, lzcnt, ht, tsc, tscinvbit, bmi1, bmi2, adx

Memory: 4k page, physical 4194304k(2046316k free)

/proc/meminfo:


vm_info: Java HotSpot(TM) 64-Bit Server VM (25.91-b14) for bsd-amd64 JRE (1.8.0_91-b14), built on Apr  1 2016 01:03:00 by "java_re" with gcc 4.2.1 (Based on Apple Inc. build 5658) (LLVM build 2336.11.00)

time: Fri Feb 22 06:29:15 2019
elapsed time: 1622 seconds (0d 0h 27m 2s)

